MunchLife-master-AS/app/build/outputs/logs/manifest-merger-debug-report.txt
-- Merging decision tree log ---
manifest
ADDED from src\main\AndroidManifest.xml:2:1-32:12
INJECTED from src\main\AndroidManifest.xml:2:1-32:12
INJECTED from src\main\AndroidManifest.xml:2:1-32:12
INJECTED from src\main\AndroidManifest.xml:2:1-32:12
INJECTED from src\main\AndroidManifest.xml:2:1-32:12
INJECTED from src\main\AndroidManifest.xml:2:1-32:12
INJECTED from src\main\AndroidManifest.xml:2:1-32:12
	package
		ADDED from src\main\AndroidManifest.xml:3:2-32
		INJECTED from src\main\AndroidManifest.xml
		INJECTED from src\main\AndroidManifest.xml
	android:versionName
		ADDED from src\main\AndroidManifest.xml:5:2-29
		INJECTED from src\main\AndroidManifest.xml
		INJECTED from src\main\AndroidManifest.xml
	xmlns:android
		ADDED from src\main\AndroidManifest.xml:2:11-69
	android:versionCode
		ADDED from src\main\AndroidManifest.xml:4:2-25
		INJECTED from src\main\AndroidManifest.xml
		INJECTED from src\main\AndroidManifest.xml
uses-permission#android.permission.WAKE_LOCK
ADDED from src\main\AndroidManifest.xml:7:2-65
	android:name
		ADDED from src\main\AndroidManifest.xml:7:19-62
uses-sdk
ADDED from src\main\AndroidManifest.xml:9:2-70
INJECTED from src\main\AndroidManifest.xml:9:2-70
INJECTED from src\main\AndroidManifest.xml:9:2-70
INJECTED from src\main\AndroidManifest.xml:9:2-70
INJECTED from src\main\AndroidManifest.xml:9:2-70
	android:targetSdkVersion
		ADDED from src\main\AndroidManifest.xml:9:39-68
		INJECTED from src\main\AndroidManifest.xml
		INJECTED from src\main\AndroidManifest.xml
	android:minSdkVersion
		ADDED from src\main\AndroidManifest.xml:9:12-38
		INJECTED from src\main\AndroidManifest.xml
		INJECTED from src\main\AndroidManifest.xml
supports-screens
ADDED from src\main\AndroidManifest.xml:11:2-13:31
	android:largeScreens
		ADDED from src\main\AndroidManifest.xml:12:3-31
	android:normalScreens
		ADDED from src\main\AndroidManifest.xml:11:20-48
	android:anyDensity
		ADDED from src\main\AndroidManifest.xml:13:3-28
application
ADDED from src\main\AndroidManifest.xml:15:2-31:16
	android:label
		ADDED from src\main\AndroidManifest.xml:15:15-47
	android:icon
		ADDED from src\main\AndroidManifest.xml:16:3-32
activity#info.bpace.munchlife.MunchLifeActivity
ADDED from src\main\AndroidManifest.xml:18:3-26:14
	android:label
		ADDED from src\main\AndroidManifest.xml:19:4-36
	android:name
		ADDED from src\main\AndroidManifest.xml:18:13-45
intent-filter#android.intent.action.MAIN+android.intent.category.LAUNCHER
ADDED from src\main\AndroidManifest.xml:21:4-24:20
action#android.intent.action.MAIN
ADDED from src\main\AndroidManifest.xml:22:5-57
	android:name
		ADDED from src\main\AndroidManifest.xml:22:13-54
category#android.intent.category.LAUNCHER
ADDED from src\main\AndroidManifest.xml:23:5-65
	android:name
		ADDED from src\main\AndroidManifest.xml:23:15-62
activity#info.bpace.munchlife.SettingsActivity
ADDED from src\main\AndroidManifest.xml:28:3-29:38
	android:label
		ADDED from src\main\AndroidManifest.xml:29:4-36
	android:name
		ADDED from src\main\AndroidManifest.xml:28:13-44